<?xml version="1.0" encoding="UTF-8"?>
<Site BuildName="Win32-MSBuild"
	BuildStamp="20230618-0228-Experimental"
	Name="FozsLaptop"
	Generator="ctest-3.25.1-msvc1"
	CompilerName="C:/Program Files/Microsoft Visual Studio/2022/Community/VC/Tools/MSVC/14.35.32215/bin/Hostx86/x64/cl.exe"
	CompilerVersion="19.35.32215.0"
	OSName="Windows"
	Hostname="FozsLaptop"
	OSRelease=" Personal"
	OSVersion=" (Build 22621)"
	OSPlatform="AMD64"
	Is64Bits="1"
	VendorString="GenuineIntel"
	VendorID="Intel Corporation"
	FamilyID="6"
	ModelID="12"
	ProcessorCacheSize="-1"
	NumberOfLogicalCPU="8"
	NumberOfPhysicalCPU="4"
	TotalVirtualMemory="28373"
	TotalPhysicalMemory="16085"
	LogicalProcessorsPerPhysical="2"
	ProcessorClockFrequency="2995"
	>
	<Testing>
		<StartDateTime>Jun 17 22:28 Eastern Daylight Time</StartDateTime>
		<StartTestTime>1687055315</StartTestTime>
		<TestList/>
		<EndDateTime>Jun 17 22:28 Eastern Daylight Time</EndDateTime>
		<EndTestTime>1687055315</EndTestTime>
		<ElapsedMinutes>0</ElapsedMinutes>
	</Testing>
</Site>
